[2017-07-20 04:44:52] local.CRITICAL: Symfony\Component\Debug\Exception\FatalErrorException: Class 'Anomaly\Streams\Platform\Model\Users\UsersRolesEntryModel' not found in E:\xpyrocms\htdocs\interdril\core\anomaly\users-module\src\Role\RoleModel.php:14
Stack trace:
#0 {main} {"identification":{"id":"31b9755c-159f-49bd-b109-8741ead55b45"}} 
[2017-07-20 04:44:55] local.CRITICAL: Symfony\Component\Debug\Exception\FatalErrorException: Class 'Anomaly\Streams\Platform\Model\Users\UsersRolesEntryModel' not found in E:\xpyrocms\htdocs\interdril\core\anomaly\users-module\src\Role\RoleModel.php:14
Stack trace:
#0 {main} {"identification":{"id":"449c867a-c364-4b1d-87e4-12be869b1b18"}} 
[2017-07-20 04:44:57] local.CRITICAL: Symfony\Component\Debug\Exception\FatalErrorException: Class 'Anomaly\Streams\Platform\Model\Users\UsersRolesEntryModel' not found in E:\xpyrocms\htdocs\interdril\core\anomaly\users-module\src\Role\RoleModel.php:14
Stack trace:
#0 {main} {"identification":{"id":"d6bd7e8b-99cd-45d2-abcf-24dae1a36cb8"}} 
[2017-07-20 04:45:49] local.ERROR: ErrorException: file_put_contents(E:\xpyrocms\htdocs\interdril\storage\framework/sessions/Q3O8A1naykU4pfQN7xeuRSzGYuXP6ZxrgFHkH12E): failed to open stream: No such file or directory in E:\xpyrocms\htdocs\interdril\vendor\laravel\framework\src\Illuminate\Filesystem\Filesystem.php:111
Stack trace:
#0 [internal function]: Illuminate\Foundation\Bootstrap\HandleExceptions->handleError(2, 'file_put_conten...', 'E:\\xpyrocms\\htd...', 111, Array)
#1 E:\xpyrocms\htdocs\interdril\vendor\laravel\framework\src\Illuminate\Filesystem\Filesystem.php(111): file_put_contents('E:\\xpyrocms\\htd...', 'a:5:{s:6:"_toke...', 2)
#2 E:\xpyrocms\htdocs\interdril\vendor\laravel\framework\src\Illuminate\Session\FileSessionHandler.php(83): Illuminate\Filesystem\Filesystem->put('E:\\xpyrocms\\htd...', 'a:5:{s:6:"_toke...', true)
#3 E:\xpyrocms\htdocs\interdril\vendor\laravel\framework\src\Illuminate\Session\Store.php(263): Illuminate\Session\FileSessionHandler->write('Q3O8A1naykU4pfQ...', 'a:5:{s:6:"_toke...')
#4 E:\xpyrocms\htdocs\interdril\vendor\laravel\framework\src\Illuminate\Session\Middleware\StartSession.php(88): Illuminate\Session\Store->save()
#5 E:\xpyrocms\htdocs\interdril\vendor\laravel\framework\src\Illuminate\Foundation\Http\Kernel.php(177): Illuminate\Session\Middleware\StartSession->terminate(Object(Illuminate\Http\Request), Object(Illuminate\Http\Response))
#6 E:\xpyrocms\htdocs\interdril\public\index.php(58): Illuminate\Foundation\Http\Kernel->terminate(Object(Illuminate\Http\Request), Object(Illuminate\Http\Response))
#7 {main} {"identification":{"id":"fee81edf-7628-484d-ae40-2d8cf6ccb634"}} 
[2017-07-20 04:45:50] local.ERROR: ErrorException: file_put_contents(E:\xpyrocms\htdocs\interdril\storage\framework/sessions/Q3O8A1naykU4pfQN7xeuRSzGYuXP6ZxrgFHkH12E): failed to open stream: No such file or directory in E:\xpyrocms\htdocs\interdril\vendor\laravel\framework\src\Illuminate\Filesystem\Filesystem.php:111
Stack trace:
#0 [internal function]: Illuminate\Foundation\Bootstrap\HandleExceptions->handleError(2, 'file_put_conten...', 'E:\\xpyrocms\\htd...', 111, Array)
#1 E:\xpyrocms\htdocs\interdril\vendor\laravel\framework\src\Illuminate\Filesystem\Filesystem.php(111): file_put_contents('E:\\xpyrocms\\htd...', 'a:4:{s:6:"_toke...', 2)
#2 E:\xpyrocms\htdocs\interdril\vendor\laravel\framework\src\Illuminate\Session\FileSessionHandler.php(83): Illuminate\Filesystem\Filesystem->put('E:\\xpyrocms\\htd...', 'a:4:{s:6:"_toke...', true)
#3 E:\xpyrocms\htdocs\interdril\vendor\laravel\framework\src\Illuminate\Session\Store.php(263): Illuminate\Session\FileSessionHandler->write('Q3O8A1naykU4pfQ...', 'a:4:{s:6:"_toke...')
#4 E:\xpyrocms\htdocs\interdril\vendor\laravel\framework\src\Illuminate\Session\Middleware\StartSession.php(88): Illuminate\Session\Store->save()
#5 E:\xpyrocms\htdocs\interdril\vendor\laravel\framework\src\Illuminate\Foundation\Http\Kernel.php(177): Illuminate\Session\Middleware\StartSession->terminate(Object(Illuminate\Http\Request), Object(Illuminate\Http\Response))
#6 E:\xpyrocms\htdocs\interdril\public\index.php(58): Illuminate\Foundation\Http\Kernel->terminate(Object(Illuminate\Http\Request), Object(Illuminate\Http\Response))
#7 {main} {"identification":{"id":"d6b9c907-ac8c-4c6d-a6f7-7a1d284cf58b"}} 
[2017-07-20 04:45:50] local.ERROR: ErrorException: file_put_contents(E:\xpyrocms\htdocs\interdril\storage\framework/sessions/Q3O8A1naykU4pfQN7xeuRSzGYuXP6ZxrgFHkH12E): failed to open stream: No such file or directory in E:\xpyrocms\htdocs\interdril\vendor\laravel\framework\src\Illuminate\Filesystem\Filesystem.php:111
Stack trace:
#0 [internal function]: Illuminate\Foundation\Bootstrap\HandleExceptions->handleError(2, 'file_put_conten...', 'E:\\xpyrocms\\htd...', 111, Array)
#1 E:\xpyrocms\htdocs\interdril\vendor\laravel\framework\src\Illuminate\Filesystem\Filesystem.php(111): file_put_contents('E:\\xpyrocms\\htd...', 'a:4:{s:6:"_toke...', 2)
#2 E:\xpyrocms\htdocs\interdril\vendor\laravel\framework\src\Illuminate\Session\FileSessionHandler.php(83): Illuminate\Filesystem\Filesystem->put('E:\\xpyrocms\\htd...', 'a:4:{s:6:"_toke...', true)
#3 E:\xpyrocms\htdocs\interdril\vendor\laravel\framework\src\Illuminate\Session\Store.php(263): Illuminate\Session\FileSessionHandler->write('Q3O8A1naykU4pfQ...', 'a:4:{s:6:"_toke...')
#4 E:\xpyrocms\htdocs\interdril\vendor\laravel\framework\src\Illuminate\Session\Middleware\StartSession.php(88): Illuminate\Session\Store->save()
#5 E:\xpyrocms\htdocs\interdril\vendor\laravel\framework\src\Illuminate\Foundation\Http\Kernel.php(177): Illuminate\Session\Middleware\StartSession->terminate(Object(Illuminate\Http\Request), Object(Illuminate\Http\Response))
#6 E:\xpyrocms\htdocs\interdril\public\index.php(58): Illuminate\Foundation\Http\Kernel->terminate(Object(Illuminate\Http\Request), Object(Illuminate\Http\Response))
#7 {main} {"identification":{"id":"5af31322-a755-42a9-be63-d656b8287d97"}} 
[2017-07-20 08:09:11] local.ERROR: PDOException: SQLSTATE[HY000]: General error: 5 database is locked in E:\xpyrocms\htdocs\interdril\vendor\teamtnt\tntsearch\src\Indexer\TNTIndexer.php:309
Stack trace:
#0 E:\xpyrocms\htdocs\interdril\vendor\teamtnt\tntsearch\src\Indexer\TNTIndexer.php(309): PDOStatement->execute()
#1 E:\xpyrocms\htdocs\interdril\vendor\teamtnt\tntsearch\src\Indexer\TNTIndexer.php(294): TeamTNT\TNTSearch\Indexer\TNTIndexer->delete(15)
#2 E:\xpyrocms\htdocs\interdril\vendor\teamtnt\laravel-scout-tntsearch-driver\src\Engines\TNTSearchEngine.php(50): TeamTNT\TNTSearch\Indexer\TNTIndexer->update(15, Array)
#3 E:\xpyrocms\htdocs\interdril\vendor\laravel\framework\src\Illuminate\Support\Collection.php(228): TeamTNT\Scout\Engines\TNTSearchEngine->TeamTNT\Scout\Engines\{closure}(Object(Anomaly\PagesModule\Page\PageModel), 0)
#4 E:\xpyrocms\htdocs\interdril\vendor\teamtnt\laravel-scout-tntsearch-driver\src\Engines\TNTSearchEngine.php(54): Illuminate\Support\Collection->each(Object(Closure))
#5 E:\xpyrocms\htdocs\interdril\vendor\laravel\scout\src\Searchable.php(56): TeamTNT\Scout\Engines\TNTSearchEngine->update(Object(Illuminate\Database\Eloquent\Collection))
#6 E:\xpyrocms\htdocs\interdril\vendor\laravel\scout\src\Searchable.php(35): Anomaly\Streams\Platform\Entry\EntryModel->queueMakeSearchable(Object(Illuminate\Database\Eloquent\Collection))
#7 [internal function]: Illuminate\Database\Eloquent\Collection->Laravel\Scout\{closure}()
#8 E:\xpyrocms\htdocs\interdril\vendor\laravel\framework\src\Illuminate\Support\Traits\Macroable.php(78): call_user_func_array(Object(Closure), Array)
#9 E:\xpyrocms\htdocs\interdril\vendor\laravel\scout\src\Searchable.php(112): Illuminate\Support\Collection->__call('searchable', Array)
#10 E:\xpyrocms\htdocs\interdril\vendor\laravel\scout\src\ModelObserver.php(61): Anomaly\Streams\Platform\Entry\EntryModel->searchable()
#11 E:\xpyrocms\htdocs\interdril\vendor\laravel\scout\src\ModelObserver.php(72): Laravel\Scout\ModelObserver->created(Object(Anomaly\PagesModule\Page\PageModel))
#12 [internal function]: Laravel\Scout\ModelObserver->updated(Object(Anomaly\PagesModule\Page\PageModel))
#13 E:\xpyrocms\htdocs\interdril\vendor\laravel\framework\src\Illuminate\Events\Dispatcher.php(354): call_user_func_array(Array, Array)
#14 [internal function]: Illuminate\Events\Dispatcher->Illuminate\Events\{closure}(Object(Anomaly\PagesModule\Page\PageModel))
#15 E:\xpyrocms\htdocs\interdril\vendor\laravel\framework\src\Illuminate\Events\Dispatcher.php(221): call_user_func_array(Object(Closure), Array)
#16 E:\xpyrocms\htdocs\interdril\vendor\laravel\framework\src\Illuminate\Database\Eloquent\Model.php(1667): Illuminate\Events\Dispatcher->fire('eloquent.update...', Array)
#17 E:\xpyrocms\htdocs\interdril\vendor\laravel\framework\src\Illuminate\Database\Eloquent\Model.php(1543): Illuminate\Database\Eloquent\Model->fireModelEvent('eloquent.update...', false)
#18 E:\xpyrocms\htdocs\interdril\vendor\anomaly\streams-platform\src\Model\EloquentModel.php(592): Illuminate\Database\Eloquent\Model->performUpdate(Object(Anomaly\Streams\Platform\Entry\EntryQueryBuilder), Array)
#19 E:\xpyrocms\htdocs\interdril\vendor\anomaly\streams-platform\src\Model\EloquentModel.php(545): Anomaly\Streams\Platform\Model\EloquentModel->saveModel(Array)
#20 E:\xpyrocms\htdocs\interdril\vendor\anomaly\streams-platform\src\Model\EloquentTreeRepository.php(108): Anomaly\Streams\Platform\Model\EloquentModel->save()
#21 E:\xpyrocms\htdocs\interdril\vendor\anomaly\streams-platform\src\Model\EloquentTreeRepository.php(111): Anomaly\Streams\Platform\Model\EloquentTreeRepository->save(Object(Anomaly\PagesModule\Page\Tree\PageTreeBuilder), Array, '6')
#22 E:\xpyrocms\htdocs\interdril\vendor\anomaly\streams-platform\src\Ui\Tree\Command\SaveTree.php(41): Anomaly\Streams\Platform\Model\EloquentTreeRepository->save(Object(Anomaly\PagesModule\Page\Tree\PageTreeBuilder))
#23 [internal function]: Anomaly\Streams\Platform\Ui\Tree\Command\SaveTree->handle()
#24 E:\xpyrocms\htdocs\interdril\vendor\laravel\framework\src\Illuminate\Container\Container.php(508): call_user_func_array(Array, Array)
#25 E:\xpyrocms\htdocs\interdril\vendor\laravel\framework\src\Illuminate\Bus\Dispatcher.php(94): Illuminate\Container\Container->call(Array)
#26 E:\xpyrocms\htdocs\interdril\vendor\laravel\framework\src\Illuminate\Pipeline\Pipeline.php(151): Illuminate\Bus\Dispatcher->Illuminate\Bus\{closure}(Object(Anomaly\Streams\Platform\Ui\Tree\Command\SaveTree))
#27 E:\xpyrocms\htdocs\interdril\vendor\laravel\framework\src\Illuminate\Pipeline\Pipeline.php(104): Illuminate\Pipeline\Pipeline->Illuminate\Pipeline\{closure}(Object(Anomaly\Streams\Platform\Ui\Tree\Command\SaveTree))
#28 E:\xpyrocms\htdocs\interdril\vendor\laravel\framework\src\Illuminate\Bus\Dispatcher.php(98): Illuminate\Pipeline\Pipeline->then(Object(Closure))
#29 E:\xpyrocms\htdocs\interdril\vendor\laravel\framework\src\Illuminate\Bus\Dispatcher.php(75): Illuminate\Bus\Dispatcher->dispatchNow(Object(Anomaly\Streams\Platform\Ui\Tree\Command\SaveTree))
#30 E:\xpyrocms\htdocs\interdril\vendor\laravel\framework\src\Illuminate\Foundation\Bus\DispatchesJobs.php(17): Illuminate\Bus\Dispatcher->dispatch(Object(Anomaly\Streams\Platform\Ui\Tree\Command\SaveTree))
#31 E:\xpyrocms\htdocs\interdril\vendor\anomaly\streams-platform\src\Ui\Tree\Command\PostTree.php(39): Anomaly\Streams\Platform\Ui\Tree\Command\PostTree->dispatch(Object(Anomaly\Streams\Platform\Ui\Tree\Command\SaveTree))
#32 [internal function]: Anomaly\Streams\Platform\Ui\Tree\Command\PostTree->handle()
#33 E:\xpyrocms\htdocs\interdril\vendor\laravel\framework\src\Illuminate\Container\Container.php(508): call_user_func_array(Array, Array)
#34 E:\xpyrocms\htdocs\interdril\vendor\laravel\framework\src\Illuminate\Bus\Dispatcher.php(94): Illuminate\Container\Container->call(Array)
#35 E:\xpyrocms\htdocs\interdril\vendor\laravel\framework\src\Illuminate\Pipeline\Pipeline.php(151): Illuminate\Bus\Dispatcher->Illuminate\Bus\{closure}(Object(Anomaly\Streams\Platform\Ui\Tree\Command\PostTree))
#36 E:\xpyrocms\htdocs\interdril\vendor\laravel\framework\src\Illuminate\Pipeline\Pipeline.php(104): Illuminate\Pipeline\Pipeline->Illuminate\Pipeline\{closure}(Object(Anomaly\Streams\Platform\Ui\Tree\Command\PostTree))
#37 E:\xpyrocms\htdocs\interdril\vendor\laravel\framework\src\Illuminate\Bus\Dispatcher.php(98): Illuminate\Pipeline\Pipeline->then(Object(Closure))
#38 E:\xpyrocms\htdocs\interdril\vendor\laravel\framework\src\Illuminate\Bus\Dispatcher.php(75): Illuminate\Bus\Dispatcher->dispatchNow(Object(Anomaly\Streams\Platform\Ui\Tree\Command\PostTree))
#39 E:\xpyrocms\htdocs\interdril\vendor\laravel\framework\src\Illuminate\Foundation\Bus\DispatchesJobs.php(17): Illuminate\Bus\Dispatcher->dispatch(Object(Anomaly\Streams\Platform\Ui\Tree\Command\PostTree))
#40 E:\xpyrocms\htdocs\interdril\vendor\anomaly\streams-platform\src\Ui\Tree\TreeBuilder.php(94): Anomaly\Streams\Platform\Ui\Tree\TreeBuilder->dispatch(Object(Anomaly\Streams\Platform\Ui\Tree\Command\PostTree))
#41 E:\xpyrocms\htdocs\interdril\vendor\anomaly\streams-platform\src\Ui\Tree\TreeBuilder.php(107): Anomaly\Streams\Platform\Ui\Tree\TreeBuilder->build()
#42 E:\xpyrocms\htdocs\interdril\vendor\anomaly\streams-platform\src\Ui\Tree\TreeBuilder.php(152): Anomaly\Streams\Platform\Ui\Tree\TreeBuilder->make()
#43 E:\xpyrocms\htdocs\interdril\core\anomaly\pages-module\src\Http\Controller\Admin\PagesController.php(34): Anomaly\Streams\Platform\Ui\Tree\TreeBuilder->render()
#44 [internal function]: Anomaly\PagesModule\Http\Controller\Admin\PagesController->index(Object(Anomaly\PagesModule\Page\Tree\PageTreeBuilder))
#45 E:\xpyrocms\htdocs\interdril\vendor\laravel\framework\src\Illuminate\Routing\Controller.php(55): call_user_func_array(Array, Array)
#46 E:\xpyrocms\htdocs\interdril\vendor\laravel\framework\src\Illuminate\Routing\ControllerDispatcher.php(44): Illuminate\Routing\Controller->callAction('index', Array)
#47 E:\xpyrocms\htdocs\interdril\vendor\laravel\framework\src\Illuminate\Routing\Route.php(189): Illuminate\Routing\ControllerDispatcher->dispatch(Object(Illuminate\Routing\Route), Object(Anomaly\PagesModule\Http\Controller\Admin\PagesController), 'index')
#48 E:\xpyrocms\htdocs\interdril\vendor\laravel\framework\src\Illuminate\Routing\Route.php(144): Illuminate\Routing\Route->runController()
#49 E:\xpyrocms\htdocs\interdril\vendor\laravel\framework\src\Illuminate\Routing\Router.php(653): Illuminate\Routing\Route->run(Object(Illuminate\Http\Request))
#50 E:\xpyrocms\htdocs\interdril\vendor\laravel\framework\src\Illuminate\Routing\Pipeline.php(53): Illuminate\Routing\Router->Illuminate\Routing\{closure}(Object(Illuminate\Http\Request))
#51 E:\xpyrocms\htdocs\interdril\vendor\anomaly\streams-platform\src\Http\Middleware\ApplicationReady.php(49): Illuminate\Routing\Pipeline->Illuminate\Routing\{closure}(Object(Illuminate\Http\Request))
#52 E:\xpyrocms\htdocs\interdril\vendor\laravel\framework\src\Illuminate\Pipeline\Pipeline.php(137): Anomaly\Streams\Platform\Http\Middleware\ApplicationReady->handle(Object(Illuminate\Http\Request), Object(Closure))
#53 E:\xpyrocms\htdocs\interdril\vendor\laravel\framework\src\Illuminate\Routing\Pipeline.php(33): Illuminate\Pipeline\Pipeline->Illuminate\Pipeline\{closure}(Object(Illuminate\Http\Request))
#54 E:\xpyrocms\htdocs\interdril\vendor\anomaly\streams-platform\src\Http\Middleware\SetLocale.php(88): Illuminate\Routing\Pipeline->Illuminate\Routing\{closure}(Object(Illuminate\Http\Request))
#55 E:\xpyrocms\htdocs\interdril\vendor\laravel\framework\src\Illuminate\Pipeline\Pipeline.php(137): Anomaly\Streams\Platform\Http\Middleware\SetLocale->handle(Object(Illuminate\Http\Request), Object(Closure))
#56 E:\xpyrocms\htdocs\interdril\vendor\laravel\framework\src\Illuminate\Routing\Pipeline.php(33): Illuminate\Pipeline\Pipeline->Illuminate\Pipeline\{closure}(Object(Illuminate\Http\Request))
#57 E:\xpyrocms\htdocs\interdril\vendor\anomaly\streams-platform\src\Http\Middleware\PoweredBy.php(38): Illuminate\Routing\Pipeline->Illuminate\Routing\{closure}(Object(Illuminate\Http\Request))
#58 E:\xpyrocms\htdocs\interdril\vendor\laravel\framework\src\Illuminate\Pipeline\Pipeline.php(137): Anomaly\Streams\Platform\Http\Middleware\PoweredBy->handle(Object(Illuminate\Http\Request), Object(Closure))
#59 E:\xpyrocms\htdocs\interdril\vendor\laravel\framework\src\Illuminate\Routing\Pipeline.php(33): Illuminate\Pipeline\Pipeline->Illuminate\Pipeline\{closure}(Object(Illuminate\Http\Request))
#60 E:\xpyrocms\htdocs\interdril\vendor\anomaly\streams-platform\src\Http\Middleware\VerifyCsrfToken.php(106): Illuminate\Routing\Pipeline->Illuminate\Routing\{closure}(Object(Illuminate\Http\Request))
#61 E:\xpyrocms\htdocs\interdril\vendor\laravel\framework\src\Illuminate\Pipeline\Pipeline.php(137): Anomaly\Streams\Platform\Http\Middleware\VerifyCsrfToken->handle(Object(Illuminate\Http\Request), Object(Closure))
#62 E:\xpyrocms\htdocs\interdril\vendor\laravel\framework\src\Illuminate\Routing\Pipeline.php(33): Illuminate\Pipeline\Pipeline->Illuminate\Pipeline\{closure}(Object(Illuminate\Http\Request))
#63 E:\xpyrocms\htdocs\interdril\core\anomaly\users-module\src\Http\Middleware\AuthorizeRoutePermission.php(107): Illuminate\Routing\Pipeline->Illuminate\Routing\{closure}(Object(Illuminate\Http\Request))
#64 E:\xpyrocms\htdocs\interdril\vendor\laravel\framework\src\Illuminate\Pipeline\Pipeline.php(137): Anomaly\UsersModule\Http\Middleware\AuthorizeRoutePermission->handle(Object(Illuminate\Http\Request), Object(Closure))
#65 E:\xpyrocms\htdocs\interdril\vendor\laravel\framework\src\Illuminate\Routing\Pipeline.php(33): Illuminate\Pipeline\Pipeline->Illuminate\Pipeline\{closure}(Object(Illuminate\Http\Request))
#66 E:\xpyrocms\htdocs\interdril\core\anomaly\users-module\src\Http\Middleware\AuthorizeControlPanel.php(51): Illuminate\Routing\Pipeline->Illuminate\Routing\{closure}(Object(Illuminate\Http\Request))
#67 E:\xpyrocms\htdocs\interdril\vendor\laravel\framework\src\Illuminate\Pipeline\Pipeline.php(137): Anomaly\UsersModule\Http\Middleware\AuthorizeControlPanel->handle(Object(Illuminate\Http\Request), Object(Closure))
#68 E:\xpyrocms\htdocs\interdril\vendor\laravel\framework\src\Illuminate\Routing\Pipeline.php(33): Illuminate\Pipeline\Pipeline->Illuminate\Pipeline\{closure}(Object(Illuminate\Http\Request))
#69 E:\xpyrocms\htdocs\interdril\core\anomaly\users-module\src\Http\Middleware\AuthorizeModuleAccess.php(63): Illuminate\Routing\Pipeline->Illuminate\Routing\{closure}(Object(Illuminate\Http\Request))
#70 E:\xpyrocms\htdocs\interdril\vendor\laravel\framework\src\Illuminate\Pipeline\Pipeline.php(137): Anomaly\UsersModule\Http\Middleware\AuthorizeModuleAccess->handle(Object(Illuminate\Http\Request), Object(Closure))
#71 E:\xpyrocms\htdocs\interdril\vendor\laravel\framework\src\Illuminate\Routing\Pipeline.php(33): Illuminate\Pipeline\Pipeline->Illuminate\Pipeline\{closure}(Object(Illuminate\Http\Request))
#72 E:\xpyrocms\htdocs\interdril\core\anomaly\users-module\src\Http\Middleware\AuthorizeRouteRoles.php(106): Illuminate\Routing\Pipeline->Illuminate\Routing\{closure}(Object(Illuminate\Http\Request))
#73 E:\xpyrocms\htdocs\interdril\vendor\laravel\framework\src\Illuminate\Pipeline\Pipeline.php(137): Anomaly\UsersModule\Http\Middleware\AuthorizeRouteRoles->handle(Object(Illuminate\Http\Request), Object(Closure))
#74 E:\xpyrocms\htdocs\interdril\vendor\laravel\framework\src\Illuminate\Routing\Pipeline.php(33): Illuminate\Pipeline\Pipeline->Illuminate\Pipeline\{closure}(Object(Illuminate\Http\Request))
#75 E:\xpyrocms\htdocs\interdril\core\anomaly\users-module\src\Http\Middleware\CheckSecurity.php(86): Illuminate\Routing\Pipeline->Illuminate\Routing\{closure}(Object(Illuminate\Http\Request))
#76 E:\xpyrocms\htdocs\interdril\vendor\laravel\framework\src\Illuminate\Pipeline\Pipeline.php(137): Anomaly\UsersModule\Http\Middleware\CheckSecurity->handle(Object(Illuminate\Http\Request), Object(Closure))
#77 E:\xpyrocms\htdocs\interdril\vendor\laravel\framework\src\Illuminate\Routing\Pipeline.php(33): Illuminate\Pipeline\Pipeline->Illuminate\Pipeline\{closure}(Object(Illuminate\Http\Request))
#78 E:\xpyrocms\htdocs\interdril\vendor\laravel\framework\src\Illuminate\Auth\Middleware\Authenticate.php(43): Illuminate\Routing\Pipeline->Illuminate\Routing\{closure}(Object(Illuminate\Http\Request))
#79 E:\xpyrocms\htdocs\interdril\vendor\laravel\framework\src\Illuminate\Pipeline\Pipeline.php(137): Illuminate\Auth\Middleware\Authenticate->handle(Object(Illuminate\Http\Request), Object(Closure))
#80 E:\xpyrocms\htdocs\interdril\vendor\laravel\framework\src\Illuminate\Routing\Pipeline.php(33): Illuminate\Pipeline\Pipeline->Illuminate\Pipeline\{closure}(Object(Illuminate\Http\Request))
#81 E:\xpyrocms\htdocs\interdril\vendor\laravel\framework\src\Illuminate\Pipeline\Pipeline.php(104): Illuminate\Routing\Pipeline->Illuminate\Routing\{closure}(Object(Illuminate\Http\Request))
#82 E:\xpyrocms\htdocs\interdril\vendor\laravel\framework\src\Illuminate\Routing\Router.php(655): Illuminate\Pipeline\Pipeline->then(Object(Closure))
#83 E:\xpyrocms\htdocs\interdril\vendor\laravel\framework\src\Illuminate\Routing\Router.php(629): Illuminate\Routing\Router->runRouteWithinStack(Object(Illuminate\Routing\Route), Object(Illuminate\Http\Request))
#84 E:\xpyrocms\htdocs\interdril\vendor\laravel\framework\src\Illuminate\Routing\Router.php(607): Illuminate\Routing\Router->dispatchToRoute(Object(Illuminate\Http\Request))
#85 E:\xpyrocms\htdocs\interdril\vendor\laravel\framework\src\Illuminate\Foundation\Http\Kernel.php(268): Illuminate\Routing\Router->dispatch(Object(Illuminate\Http\Request))
#86 E:\xpyrocms\htdocs\interdril\vendor\laravel\framework\src\Illuminate\Routing\Pipeline.php(53): Illuminate\Foundation\Http\Kernel->Illuminate\Foundation\Http\{closure}(Object(Illuminate\Http\Request))
#87 E:\xpyrocms\htdocs\interdril\vendor\barryvdh\laravel-debugbar\src\Middleware\Debugbar.php(51): Illuminate\Routing\Pipeline->Illuminate\Routing\{closure}(Object(Illuminate\Http\Request))
#88 E:\xpyrocms\htdocs\interdril\vendor\laravel\framework\src\Illuminate\Pipeline\Pipeline.php(137): Barryvdh\Debugbar\Middleware\Debugbar->handle(Object(Illuminate\Http\Request), Object(Closure))
#89 E:\xpyrocms\htdocs\interdril\vendor\laravel\framework\src\Illuminate\Routing\Pipeline.php(33): Illuminate\Pipeline\Pipeline->Illuminate\Pipeline\{closure}(Object(Illuminate\Http\Request))
#90 E:\xpyrocms\htdocs\interdril\vendor\anomaly\streams-platform\src\Http\Middleware\SetLocale.php(88): Illuminate\Routing\Pipeline->Illuminate\Routing\{closure}(Object(Illuminate\Http\Request))
#91 E:\xpyrocms\htdocs\interdril\vendor\laravel\framework\src\Illuminate\Pipeline\Pipeline.php(137): Anomaly\Streams\Platform\Http\Middleware\SetLocale->handle(Object(Illuminate\Http\Request), Object(Closure))
#92 E:\xpyrocms\htdocs\interdril\vendor\laravel\framework\src\Illuminate\Routing\Pipeline.php(33): Illuminate\Pipeline\Pipeline->Illuminate\Pipeline\{closure}(Object(Illuminate\Http\Request))
#93 E:\xpyrocms\htdocs\interdril\vendor\laravel\framework\src\Illuminate\View\Middleware\ShareErrorsFromSession.php(49): Illuminate\Routing\Pipeline->Illuminate\Routing\{closure}(Object(Illuminate\Http\Request))
#94 E:\xpyrocms\htdocs\interdril\vendor\laravel\framework\src\Illuminate\Pipeline\Pipeline.php(137): Illuminate\View\Middleware\ShareErrorsFromSession->handle(Object(Illuminate\Http\Request), Object(Closure))
#95 E:\xpyrocms\htdocs\interdril\vendor\laravel\framework\src\Illuminate\Routing\Pipeline.php(33): Illuminate\Pipeline\Pipeline->Illuminate\Pipeline\{closure}(Object(Illuminate\Http\Request))
#96 E:\xpyrocms\htdocs\interdril\vendor\laravel\framework\src\Illuminate\Session\Middleware\StartSession.php(64): Illuminate\Routing\Pipeline->Illuminate\Routing\{closure}(Object(Illuminate\Http\Request))
#97 E:\xpyrocms\htdocs\interdril\vendor\laravel\framework\src\Illuminate\Pipeline\Pipeline.php(137): Illuminate\Session\Middleware\StartSession->handle(Object(Illuminate\Http\Request), Object(Closure))
#98 E:\xpyrocms\htdocs\interdril\vendor\laravel\framework\src\Illuminate\Routing\Pipeline.php(33): Illuminate\Pipeline\Pipeline->Illuminate\Pipeline\{closure}(Object(Illuminate\Http\Request))
#99 E:\xpyrocms\htdocs\interdril\vendor\laravel\framework\src\Illuminate\Cookie\Middleware\AddQueuedCookiesToResponse.php(37): Illuminate\Routing\Pipeline->Illuminate\Routing\{closure}(Object(Illuminate\Http\Request))
#100 E:\xpyrocms\htdocs\interdril\vendor\laravel\framework\src\Illuminate\Pipeline\Pipeline.php(137): Illuminate\Cookie\Middleware\AddQueuedCookiesToResponse->handle(Object(Illuminate\Http\Request), Object(Closure))
#101 E:\xpyrocms\htdocs\interdril\vendor\laravel\framework\src\Illuminate\Routing\Pipeline.php(33): Illuminate\Pipeline\Pipeline->Illuminate\Pipeline\{closure}(Object(Illuminate\Http\Request))
#102 E:\xpyrocms\htdocs\interdril\vendor\laravel\framework\src\Illuminate\Cookie\Middleware\EncryptCookies.php(59): Illuminate\Routing\Pipeline->Illuminate\Routing\{closure}(Object(Illuminate\Http\Request))
#103 E:\xpyrocms\htdocs\interdril\vendor\laravel\framework\src\Illuminate\Pipeline\Pipeline.php(137): Illuminate\Cookie\Middleware\EncryptCookies->handle(Object(Illuminate\Http\Request), Object(Closure))
#104 E:\xpyrocms\htdocs\interdril\vendor\laravel\framework\src\Illuminate\Routing\Pipeline.php(33): Illuminate\Pipeline\Pipeline->Illuminate\Pipeline\{closure}(Object(Illuminate\Http\Request))
#105 E:\xpyrocms\htdocs\interdril\vendor\laravel\framework\src\Illuminate\Pipeline\Pipeline.php(104): Illuminate\Routing\Pipeline->Illuminate\Routing\{closure}(Object(Illuminate\Http\Request))
#106 E:\xpyrocms\htdocs\interdril\vendor\laravel\framework\src\Illuminate\Foundation\Http\Kernel.php(150): Illuminate\Pipeline\Pipeline->then(Object(Closure))
#107 E:\xpyrocms\htdocs\interdril\vendor\laravel\framework\src\Illuminate\Foundation\Http\Kernel.php(117): Illuminate\Foundation\Http\Kernel->sendRequestThroughRouter(Object(Illuminate\Http\Request))
#108 E:\xpyrocms\htdocs\interdril\public\index.php(53): Illuminate\Foundation\Http\Kernel->handle(Object(Illuminate\Http\Request))
#109 {main} {"identification":{"id":"e0be0593-553e-48f0-a72d-1d76d86cb2c6"}} 
